<?xml version="1.0" encoding="UTF-8"?>
<!-- Generated by org.testng.reporters.JUnitXMLReporter -->
<testsuite hostname="Darren-Thinkpad" name="Default test" tests="3" failures="0" timestamp="7 Feb 2018 19:54:17 GMT" time="7.091" errors="0">
  <testcase name="enterUserName" time="0.644" classname="com.gmail.GmailLogin"/>
  <testcase name="enterPassWord" time="4.105" classname="com.gmail.GmailLogin"/>
  <testcase name="verifyLoginTitle" time="0.166" classname="com.gmail.GmailLogin"/>
</testsuite> <!-- Default test -->
