<?xml version="1.0" encoding="UTF-8"?>
<!-- Generated by org.testng.reporters.JUnitXMLReporter -->
<testsuite hostname="Darren-Thinkpad" name="loginRegression" tests="3" failures="0" timestamp="6 Feb 2018 15:29:58 GMT" time="8.493" errors="0">
  <testcase name="goToLoginPage" time="1.536" classname="com.koodo.KoodoLogin"/>
  <testcase name="enterCredential" time="2.583" classname="com.koodo.KoodoLogin"/>
  <testcase name="verifyTitle" time="0.782" classname="com.koodo.KoodoLogin"/>
</testsuite> <!-- loginRegression -->
